2023-02-21 19:37:51.329 - DBeaver 22.3.5.202302171528 is starting
2023-02-21 19:37:51.330 - OS: Windows 11 10.0 (amd64)
2023-02-21 19:37:51.330 - Java version: 17.0.6 by Eclipse Adoptium (64bit)
2023-02-21 19:37:51.330 - Install path: 'C:\web_1900_jss\dbms\oracle\resource\dbeaver'
2023-02-21 19:37:51.330 - Instance path: 'file:/C:/web_1900_jss/dbms/oracle/workspace/'
2023-02-21 19:37:51.330 - Memory available 64Mb/1024Mb
2023-02-21 19:37:51.344 - Create display
> Start Eclipse IDE UI [org.eclipse.ui.ide 3.20.0.v20221027-2208]
2023-02-21 19:37:51.470 - Initializing DBeaver 22.3.5
2023-02-21 19:37:51.477 - Host plugin: org.jkiss.dbeaver.ui.app.standalone 22.3.5.202302171528
2023-02-21 19:37:51.477 - Initialize desktop platform...
2023-02-21 19:37:51.596 - BounceCastle bundle found. Use JCE provider BC
> Start Core File Systems [org.eclipse.core.filesystem 1.9.500.v20220817-1539]
> Start Core Resource Management [org.eclipse.core.resources 3.18.100.v20221025-2047]
> Start 팀 지원 핵심 [org.eclipse.team.core 3.9.600.v20220902-2219]
> Start DBeaver UI Navigator [org.jkiss.dbeaver.ui.navigator 1.0.100.202302171528]
2023-02-21 19:37:51.815 - 
2023-02-21 19:37:51.815 - 	Refreshing workspace.
2023-02-21 19:37:51.815 - Refreshing workspace contents
2023-02-21 19:37:51.934 - Initialize base platform...
> Start Expression Language [org.eclipse.core.expressions 3.8.200.v20220613-1047]
2023-02-21 19:37:51.949 - Platform initialized (472ms)
> Start DBeaver UI Editors - Base [org.jkiss.dbeaver.ui.editors.base 1.0.100.202302171528]
2023-02-21 19:37:51.956 - Starting RMI server at 44095
2023-02-21 19:37:52.010 - Run workbench
> Start DBeaver UI [org.jkiss.dbeaver.ui 5.1.115.202302171528]
> Start Eclipse e4 작업영역 SWT [org.eclipse.e4.ui.workbench.swt 0.16.700.v20221024-2137]
> Start Eclipse Application Services [org.eclipse.e4.core.services 2.3.400.v20220915-1347]
> Start Eclipse UI Application Services [org.eclipse.e4.ui.services 1.5.100.v20221024-2137]
> Start Eclipse e4 Progress View [org.eclipse.e4.ui.progress 0.3.600.v20221024-2137]
> Start EMF XML/XMI Persistence [org.eclipse.emf.ecore.xmi 2.17.0.v20220817-1334]
> Start Eclipse CSS SWT Theme Support [org.eclipse.e4.ui.css.swt.theme 0.13.200.v20221024-2137]
> Start Eclipse e4 작업영역 기능 추가 [org.eclipse.e4.ui.workbench.addons.swt 1.4.500.v20221028-0801]
> Start Eclipse e4 작업영역 SWT 렌더러 [org.eclipse.e4.ui.workbench.renderers.swt 0.15.700.v20221024-2137]
> Start Eclipse Bindings Support [org.eclipse.e4.ui.bindings 0.13.200.v20221024-2137]
> Start Eclipse Dependency Injection Extensions [org.eclipse.e4.core.di.extensions 0.17.200.v20220613-1008]
> Start Eclipse CSS SWT Support [org.eclipse.e4.ui.css.swt 0.14.700.v20221102-0748]
> Start Java Native Access [com.sun.jna 5.12.1.v20221103-2317]
Warning: NLS unused message: BlockedJobsDialog_UserInterfaceTreeElement in: org.eclipse.ui.internal.progress.messages
2023-02-21 19:37:53.439 - Configure workbench window
> Start 도움말 시스템 코어 [org.eclipse.help 3.9.100.v20210721-0601]
2023-02-21 19:37:53.524 - Create actions
2023-02-21 19:37:53.535 - Disable Eclipse action set 'org.eclipse.ui.edit.text.actionSet.annotationNavigation'
2023-02-21 19:37:53.536 - Disable Eclipse action set 'org.eclipse.ui.WorkingSetActionSet'
2023-02-21 19:37:53.536 - Disable Eclipse action set 'org.eclipse.ui.actionSet.openFiles'
2023-02-21 19:37:54.327 - Initialize workbench window
2023-02-21 19:37:54.331 - Finish initialization
> Start DBeaver UI Editors - Data [org.jkiss.dbeaver.ui.editors.data 1.0.100.202302171528]
> Start Equinox Java Authentication and Authorization Service (JAAS) [org.eclipse.equinox.security 1.3.1000.v20220801-1135]
> Start 인터넷 연결 관리 사용자 인터페이스 [org.eclipse.ui.net 1.4.100.v20220812-1406]
> Start Internet Connection Management [org.eclipse.core.net 1.4.0.v20220813-1037]
> Start Draw2d [org.eclipse.draw2dl 3.12.100.20230129135757]
> Start GEF3 GEF (MVC) [org.eclipse.gef3 3.12.100.20230129135757]
> Start DBeaver ERD UI [org.jkiss.dbeaver.erd.ui 3.0.60.202302171528]
> Start DBeaver ERD Model [org.jkiss.dbeaver.erd.model 1.0.60.202302171528]
> Start DBeaver SQL Model [org.jkiss.dbeaver.model.sql 1.0.90.202302171528]
Warning: NLS unused message: actions_navigator__objects in: org.jkiss.dbeaver.ui.editors.sql.internal.SQLEditorMessages
> Start DBeaver UI Editors - SQL [org.jkiss.dbeaver.ui.editors.sql 1.0.100.202302171528]
2023-02-21 19:37:54.860 - Total database drivers: 102 (102)
> Start 기본 문서 편집기 [org.eclipse.ui.editors 3.14.400.v20220730-1844]
> Start 텍스트 편집기 프레임워크 [org.eclipse.ui.workbench.texteditor 3.16.600.v20220809-1658]
> Start DBeaver Sample Database [org.jkiss.dbeaver.ext.sample.database 1.0.137.202302171528]
> Start DBeaver Tip of the day [org.jkiss.dbeaver.ext.ui.tipoftheday 1.0.106.202302171528]
2023-02-21 19:37:57.550 - Open [https://dbeaver.io/product/version.xml]
> Start DBeaver UI Editors - Connections [org.jkiss.dbeaver.ui.editors.connection 1.0.91.202302171528]
> Start DBeaver Oracle UI [org.jkiss.dbeaver.ext.oracle.ui 1.0.87.202302171528]
> Start DBeaver Oracle Support [org.jkiss.dbeaver.ext.oracle 2.1.185.202302171528]
2023-02-21 19:41:29.205 - Unrecognized Oracle client version at C:/web_1900_jss/dbms/oracle/resource/dbeaver/jre
2023-02-21 19:41:29.284 - Auth model 'native' was replaced by 'oracle_native'
2023-02-21 19:41:29.310 - Service 'org.jkiss.dbeaver.runtime.ui.UIServiceSecurity' not found
2023-02-21 19:52:08.215 - Connect with 'jdbc:oracle:thin:@//172.30.1.43:1521/XE' (oracle_thin-186739a2885-ffb6be6d663fda8)
2023-02-21 19:52:08.245 - Execution context opened (jdbc:oracle:thin:@//172.30.1.43:1521/XE; Main; 0)
2023-02-21 19:52:08.629 - Connected (oracle_thin-186739a2885-ffb6be6d663fda8, Oracle JDBC driver [11.2.0.2.0])
2023-02-21 19:52:08.683 - Execution context closed (jdbc:oracle:thin:@//172.30.1.43:1521/XE, 0)
2023-02-21 19:52:08.683 - Disconnected (oracle_thin-186739a2885-ffb6be6d663fda8)
2023-02-21 20:12:09.695 - Connect with 'jdbc:oracle:thin:@//localhost:1521/XE' (oracle_thin-18673ac7dc5-2a1b9b8c3d5e6a64)
2023-02-21 20:12:09.696 - Execution context opened (jdbc:oracle:thin:@//localhost:1521/XE; Main; 1)
2023-02-21 20:12:09.735 - Connected (oracle_thin-18673ac7dc5-2a1b9b8c3d5e6a64, Oracle JDBC driver [11.2.0.2.0])
2023-02-21 20:12:09.787 - Execution context closed (jdbc:oracle:thin:@//localhost:1521/XE, 1)
2023-02-21 20:12:09.787 - Disconnected (oracle_thin-18673ac7dc5-2a1b9b8c3d5e6a64)
2023-02-21 20:13:06.158 - Connect with 'localhost' (oracle_thin-18673906869-7822aff697e33f89)
2023-02-21 20:13:06.159 - Execution context opened (localhost; Main; 2)
2023-02-21 20:13:06.190 - Execution context opened (localhost; Metadata; 3)
2023-02-21 20:13:06.222 - Connected (oracle_thin-18673906869-7822aff697e33f89, Oracle JDBC driver [11.2.0.2.0])
2023-02-21 20:13:17.096 - Error reading statistics of 'localhost'
org.jkiss.dbeaver.DBException: Can't read tablespace statistics
	at org.jkiss.dbeaver.ext.oracle.model.OracleDataSource.collectObjectStatistics(OracleDataSource.java:847)
	at org.jkiss.dbeaver.ui.navigator.itemlist.ItemListControl$ItemLoadService.evaluate(ItemListControl.java:332)
	at org.jkiss.dbeaver.ui.navigator.itemlist.ItemListControl$ItemLoadService.evaluate(ItemListControl.java:1)
	at org.jkiss.dbeaver.ui.LoadingJob.run(LoadingJob.java:88)
	at org.jkiss.dbeaver.ui.LoadingJob.run(LoadingJob.java:72)
	at org.jkiss.dbeaver.model.runtime.AbstractJob.run(AbstractJob.java:105)
	at org.eclipse.core.internal.jobs.Worker.run(Worker.java:63)
Caused by: java.sql.SQLSyntaxErrorException: ORA-00942: table or view does not exist

	at oracle.jdbc.driver.T4CTTIoer.processError(T4CTTIoer.java:440)
	at oracle.jdbc.driver.T4CTTIoer.processError(T4CTTIoer.java:396)
	at oracle.jdbc.driver.T4C8Oall.processError(T4C8Oall.java:837)
	at oracle.jdbc.driver.T4CTTIfun.receive(T4CTTIfun.java:445)
	at oracle.jdbc.driver.T4CTTIfun.doRPC(T4CTTIfun.java:191)
	at oracle.jdbc.driver.T4C8Oall.doOALL(T4C8Oall.java:523)
	at oracle.jdbc.driver.T4CStatement.doOall8(T4CStatement.java:193)
	at oracle.jdbc.driver.T4CStatement.executeForDescribe(T4CStatement.java:848)
	at oracle.jdbc.driver.OracleStatement.executeMaybeDescribe(OracleStatement.java:1153)
	at oracle.jdbc.driver.OracleStatement.doExecuteWithTimeout(OracleStatement.java:1275)
	at oracle.jdbc.driver.OracleStatement.executeQuery(OracleStatement.java:1477)
	at oracle.jdbc.driver.OracleStatementWrapper.executeQuery(OracleStatementWrapper.java:392)
	at org.jkiss.dbeaver.model.impl.jdbc.exec.JDBCStatementImpl.executeQuery(JDBCStatementImpl.java:345)
	at org.jkiss.dbeaver.ext.oracle.model.OracleDataSource.collectObjectStatistics(OracleDataSource.java:828)
	... 6 more
> Start ICU4J Base [com.ibm.icu.base 58.2.0.v20170418-1837]
2023-02-21 21:44:19.198 - Can't get column 'EXTERNAL_NAME': 부적합한 열 이름
2023-02-21 21:44:19.198 - Can't get column 'ACCOUNT_STATUS': 부적합한 열 이름
2023-02-21 21:44:19.198 - Can't get column 'LOCK_DATE': 부적합한 열 이름
2023-02-21 21:44:19.198 - Can't get column 'EXPIRY_DATE': 부적합한 열 이름
2023-02-21 21:44:19.198 - Can't get column 'DEFAULT_TABLESPACE': 부적합한 열 이름
2023-02-21 21:44:19.198 - Can't get column 'TEMPORARY_TABLESPACE': 부적합한 열 이름
2023-02-21 21:44:19.198 - Can't get column 'PROFILE': 부적합한 열 이름
2023-02-21 21:44:19.198 - Can't get column 'INITIAL_RSRC_CONSUMER_GROUP': 부적합한 열 이름
> Start 핵심 비교 지원 [org.eclipse.compare.core 3.7.100.v20220812-1406]
> Start 콘솔 [org.eclipse.ui.console 3.11.400.v20221012-0524]
Warning: NLS unused message: InputStreamMonitor_label in: org.eclipse.debug.internal.core.DebugCoreMessages
Warning: NLS unused message: OutputStreamMonitor_label in: org.eclipse.debug.internal.core.DebugCoreMessages
> Start 디버그 핵심 [org.eclipse.debug.core 3.20.0.v20220811-0741]
2023-02-21 21:45:30.864 - Execution context opened (localhost; SQLEditor <Script.sql>; 4)
2023-02-21 21:47:47.057 - Error binding callable statement parameters from metadata: 지원되지 않는 기능입니다
2023-02-21 21:47:47.057 - Error obtaining output parameters from metadata: 지원되지 않는 기능입니다
2023-02-21 21:47:47.057 - Can't obtain procedure metadata nor jdbc metadata
2023-02-21 21:47:47.375 - SQL Error [904] [42000]: ORA-00904: : invalid identifier


Error position: line: 3 pos: 56
org.jkiss.dbeaver.model.sql.DBSQLException: SQL Error [904] [42000]: ORA-00904: : invalid identifier

	at org.jkiss.dbeaver.model.impl.jdbc.exec.JDBCStatementImpl.executeStatement(JDBCStatementImpl.java:133)
	at org.jkiss.dbeaver.ui.editors.sql.execute.SQLQueryJob.executeStatement(SQLQueryJob.java:582)
	at org.jkiss.dbeaver.ui.editors.sql.execute.SQLQueryJob.lambda$1(SQLQueryJob.java:491)
	at org.jkiss.dbeaver.model.exec.DBExecUtils.tryExecuteRecover(DBExecUtils.java:173)
	at org.jkiss.dbeaver.ui.editors.sql.execute.SQLQueryJob.executeSingleQuery(SQLQueryJob.java:498)
	at org.jkiss.dbeaver.ui.editors.sql.execute.SQLQueryJob.extractData(SQLQueryJob.java:924)
	at org.jkiss.dbeaver.ui.editors.sql.SQLEditor$QueryResultsContainer.readData(SQLEditor.java:3805)
	at org.jkiss.dbeaver.ui.controls.resultset.ResultSetJobDataRead.lambda$0(ResultSetJobDataRead.java:123)
	at org.jkiss.dbeaver.model.exec.DBExecUtils.tryExecuteRecover(DBExecUtils.java:173)
	at org.jkiss.dbeaver.ui.controls.resultset.ResultSetJobDataRead.run(ResultSetJobDataRead.java:121)
	at org.jkiss.dbeaver.ui.controls.resultset.ResultSetViewer$ResultSetDataPumpJob.run(ResultSetViewer.java:5073)
	at org.jkiss.dbeaver.model.runtime.AbstractJob.run(AbstractJob.java:105)
	at org.eclipse.core.internal.jobs.Worker.run(Worker.java:63)
Caused by: java.sql.SQLSyntaxErrorException: ORA-00904: : invalid identifier

	at oracle.jdbc.driver.T4CTTIoer.processError(T4CTTIoer.java:440)
	at oracle.jdbc.driver.T4CTTIoer.processError(T4CTTIoer.java:396)
	at oracle.jdbc.driver.T4C8Oall.processError(T4C8Oall.java:837)
	at oracle.jdbc.driver.T4CTTIfun.receive(T4CTTIfun.java:445)
	at oracle.jdbc.driver.T4CTTIfun.doRPC(T4CTTIfun.java:191)
	at oracle.jdbc.driver.T4C8Oall.doOALL(T4C8Oall.java:523)
	at oracle.jdbc.driver.T4CStatement.doOall8(T4CStatement.java:193)
	at oracle.jdbc.driver.T4CStatement.executeForRows(T4CStatement.java:999)
	at oracle.jdbc.driver.OracleStatement.doExecuteWithTimeout(OracleStatement.java:1315)
	at oracle.jdbc.driver.OracleStatement.executeInternal(OracleStatement.java:1890)
	at oracle.jdbc.driver.OracleStatement.execute(OracleStatement.java:1855)
	at oracle.jdbc.driver.OracleStatementWrapper.execute(OracleStatementWrapper.java:304)
	at org.jkiss.dbeaver.model.impl.jdbc.exec.JDBCStatementImpl.execute(JDBCStatementImpl.java:329)
	at org.jkiss.dbeaver.model.impl.jdbc.exec.JDBCStatementImpl.lambda$0(JDBCStatementImpl.java:131)
	at org.jkiss.dbeaver.utils.SecurityManagerUtils.wrapDriverActions(SecurityManagerUtils.java:96)
	at org.jkiss.dbeaver.model.impl.jdbc.exec.JDBCStatementImpl.executeStatement(JDBCStatementImpl.java:131)
	... 12 more
2023-02-21 21:49:09.063 - Can't get column 'PLUGGED_IN': 부적합한 열 이름
2023-02-21 21:49:38.531 - Can't get column 'COLUMN_NAMES_NUMS': 부적합한 열 이름
2023-02-21 21:51:09.416 - Execution context closed (localhost, 4)
2023-02-21 21:51:09.588 - DBeaver is stopping
2023-02-21 21:51:09.589 - Stop RMI server
2023-02-21 21:51:09.592 - RMI controller has been stopped
2023-02-21 21:51:09.592 - DBeaver shutdown completed
